Using pre-set license
Built from '2020.3/staging' branch; Version is '2020.3.0f1 (c7b5465681fb) revision 13088070'; Using compiler version '192528614'; Build Type 'Release'
OS: 'Windows 10 Home; OS build 19042.985; Version 2009; 64bit' Language: 'es' Physical Memory: 7999 MB
BatchMode: 1, IsHumanControllingUs: 0, StartBugReporterOnCrash: 0, Is64bit: 1, IsPro: 0

 COMMAND LINE ARGUMENTS:
D:\Unity\2020.3.0f1\Editor\Unity.exe
-adb2
-batchMode
-noUpm
-name
AssetImportWorker1
-projectPath
D:/ProyectosUnity/ProyectoIntegrado
-logFile
Logs/AssetImportWorker1.log
-srvPort
49629
Successfully changed project path to: D:/ProyectosUnity/ProyectoIntegrado
D:/ProyectosUnity/ProyectoIntegrado
Using Asset Import Pipeline V2.
Refreshing native plugins compatible for Editor in 76.97 ms, found 1 plugins.
Preloading 0 native plugins for Editor in 0.00 ms.
Initialize engine version: 2020.3.0f1 (c7b5465681fb)
[Subsystems] Discovering subsystems at path D:/Unity/2020.3.0f1/Editor/Data/Resources/UnitySubsystems
[Subsystems] Discovering subsystems at path D:/ProyectosUnity/ProyectoIntegrado/Assets
GfxDevice: creating device client; threaded=0
Direct3D:
    Version:  Direct3D 11.0 [level 11.1]
    Renderer: NVIDIA GeForce GTX 1050 (ID=0x1c8d)
    Vendor:   
    VRAM:     4019 MB
    Driver:   27.21.14.6230
Initialize mono
Mono path[0] = 'D:/Unity/2020.3.0f1/Editor/Data/Managed'
Mono path[1] = 'D:/Unity/2020.3.0f1/Editor/Data/MonoBleedingEdge/lib/mono/unityjit'
Mono config path = 'D:/Unity/2020.3.0f1/Editor/Data/MonoBleedingEdge/etc'
Using monoOptions --debugger-agent=transport=dt_socket,embedding=1,server=y,suspend=n,address=127.0.0.1:56084
Begin MonoManager ReloadAssembly
Registering precompiled unity dll's ...
Register platform support module: D:/Unity/2020.3.0f1/Editor/Data/PlaybackEngines/WindowsStandaloneSupport/UnityEditor.WindowsStandalone.Extensions.dll
Registered in 0.001395 seconds.
Native extension for WindowsStandalone target not found
Refreshing native plugins compatible for Editor in 53.79 ms, found 1 plugins.
Preloading 0 native plugins for Editor in 0.00 ms.
Invoked RoslynAnalysisRunner static constructor.
RoslynAnalysisRunner will not be running.
RoslynAnalysisRunner has terminated.
Mono: successfully reloaded assembly
- Completed reload, in  1.699 seconds
Platform modules already initialized, skipping
Registering precompiled user dll's ...
Registered in 0.003789 seconds.
Begin MonoManager ReloadAssembly
Native extension for WindowsStandalone target not found
Refreshing native plugins compatible for Editor in 54.31 ms, found 1 plugins.
Preloading 0 native plugins for Editor in 0.00 ms.
Invoked RoslynAnalysisRunner static constructor.
RoslynAnalysisRunner will not be running.
RoslynAnalysisRunner has terminated.
Mono: successfully reloaded assembly
- Completed reload, in  2.736 seconds
Platform modules already initialized, skipping
========================================================================
Worker process is ready to serve import requests
Launched and connected shader compiler UnityShaderCompiler.exe after 0.11 seconds
Refreshing native plugins compatible for Editor in 0.62 ms, found 1 plugins.
Preloading 0 native plugins for Editor in 0.00 ms.
Unloading 2487 Unused Serialized files (Serialized files now loaded: 0)
System memory in use before: 108.5 MB.
System memory in use after: 108.6 MB.

Unloading 50 unused Assets to reduce memory usage. Loaded Objects now: 2912.
Total: 2.533000 ms (FindLiveObjects: 0.283200 ms CreateObjectMapping: 0.130900 ms MarkObjects: 1.996500 ms  DeleteObjects: 0.121100 ms)

========================================================================
Received Import Request.
  path: Assets/Scenes/MenuPrincipal.unity
  artifactKey: Guid(b47b24996d10b0e4ab09c8f6808e94da) Importer(815301076,1909f56bfc062723c751e8b465ee728b)
Start importing Assets/Scenes/MenuPrincipal.unity using Guid(b47b24996d10b0e4ab09c8f6808e94da) Importer(815301076,1909f56bfc062723c751e8b465ee728b)  -> (artifact id: '424df07b24b461d123b109aa136ab5b5') in 0.121573 seconds
  Import took 0.181337 seconds .

========================================================================
Received Import Request.
  Time since last request: 0.032309 seconds.
  path: Assets/Scenes/Nivel2.unity
  artifactKey: Guid(e26a41d4f07aa5447a01208ebf2a70a6) Importer(815301076,1909f56bfc062723c751e8b465ee728b)
Start importing Assets/Scenes/Nivel2.unity using Guid(e26a41d4f07aa5447a01208ebf2a70a6) Importer(815301076,1909f56bfc062723c751e8b465ee728b)  -> (artifact id: 'ae3ccc7e8ebefac7f6c67a859f490e5c') in 0.008185 seconds
  Import took 0.039585 seconds .

========================================================================
Received Import Request.
  Time since last request: 2370.027301 seconds.
  path: Assets/Scenes/Nivel4.unity
  artifactKey: Guid(5c2c1369cdf25874fb1a62b073110694) Importer(815301076,1909f56bfc062723c751e8b465ee728b)
Start importing Assets/Scenes/Nivel4.unity using Guid(5c2c1369cdf25874fb1a62b073110694) Importer(815301076,1909f56bfc062723c751e8b465ee728b)  -> (artifact id: 'cf66d73863a5f950b945b89a2f8f1e54') in 0.126544 seconds
  Import took 0.296674 seconds .

========================================================================
Received Import Request.
  Time since last request: 154.271767 seconds.
  path: Assets/Scenes/Nivel2.unity
  artifactKey: Guid(e26a41d4f07aa5447a01208ebf2a70a6) Importer(815301076,1909f56bfc062723c751e8b465ee728b)
Start importing Assets/Scenes/Nivel2.unity using Guid(e26a41d4f07aa5447a01208ebf2a70a6) Importer(815301076,1909f56bfc062723c751e8b465ee728b)  -> (artifact id: '8dea4029476c49e604a89de3f6a8b797') in 0.006812 seconds
  Import took 0.061662 seconds .

========================================================================
Received Prepare
Registering precompiled user dll's ...
Registered in 0.005022 seconds.
Begin MonoManager ReloadAssembly
Native extension for WindowsStandalone target not found
Refreshing native plugins compatible for Editor in 0.76 ms, found 1 plugins.
Preloading 0 native plugins for Editor in 0.00 ms.
Invoked RoslynAnalysisRunner static constructor.
RoslynAnalysisRunner will not be running.
RoslynAnalysisRunner has terminated.
Mono: successfully reloaded assembly
- Completed reload, in  1.548 seconds
Platform modules already initialized, skipping
Refreshing native plugins compatible for Editor in 1.74 ms, found 1 plugins.
Preloading 0 native plugins for Editor in 0.00 ms.
Unloading 2477 Unused Serialized files (Serialized files now loaded: 0)
System memory in use before: 108.5 MB.
System memory in use after: 108.6 MB.

Unloading 38 unused Assets to reduce memory usage. Loaded Objects now: 2917.
Total: 4.052100 ms (FindLiveObjects: 0.543900 ms CreateObjectMapping: 0.289100 ms MarkObjects: 3.002200 ms  DeleteObjects: 0.214200 ms)

========================================================================
Received Prepare
Refreshing native plugins compatible for Editor in 7.06 ms, found 1 plugins.
Preloading 0 native plugins for Editor in 0.00 ms.
Unloading 34 Unused Serialized files (Serialized files now loaded: 0)
System memory in use before: 60.2 MB.
System memory in use after: 60.3 MB.

Unloading 34 unused Assets to reduce memory usage. Loaded Objects now: 2917.
Total: 2.659200 ms (FindLiveObjects: 0.232000 ms CreateObjectMapping: 0.085500 ms MarkObjects: 2.224200 ms  DeleteObjects: 0.116300 ms)

========================================================================
Received Prepare
Registering precompiled user dll's ...
Registered in 0.004751 seconds.
Begin MonoManager ReloadAssembly
Native extension for WindowsStandalone target not found
Refreshing native plugins compatible for Editor in 0.76 ms, found 1 plugins.
Preloading 0 native plugins for Editor in 0.00 ms.
Invoked RoslynAnalysisRunner static constructor.
RoslynAnalysisRunner will not be running.
RoslynAnalysisRunner has terminated.
Mono: successfully reloaded assembly
- Completed reload, in  1.322 seconds
Platform modules already initialized, skipping
Refreshing native plugins compatible for Editor in 0.89 ms, found 1 plugins.
Preloading 0 native plugins for Editor in 0.00 ms.
Unloading 2477 Unused Serialized files (Serialized files now loaded: 0)
System memory in use before: 108.5 MB.
System memory in use after: 108.6 MB.

Unloading 38 unused Assets to reduce memory usage. Loaded Objects now: 2922.
Total: 3.040800 ms (FindLiveObjects: 0.320600 ms CreateObjectMapping: 0.231100 ms MarkObjects: 2.304100 ms  DeleteObjects: 0.183500 ms)

========================================================================
Received Import Request.
  Time since last request: 556.955115 seconds.
  path: Assets/Scenes/Nivel5.unity
  artifactKey: Guid(c2de42f0a76155849bb68ad0601f270c) Importer(815301076,1909f56bfc062723c751e8b465ee728b)
Start importing Assets/Scenes/Nivel5.unity using Guid(c2de42f0a76155849bb68ad0601f270c) Importer(815301076,1909f56bfc062723c751e8b465ee728b)  -> (artifact id: '038cfee05441a74b471d7b6d4c79f60f') in 0.022386 seconds
  Import took 0.143248 seconds .

========================================================================
Received Prepare
Registering precompiled user dll's ...
Registered in 0.005951 seconds.
Begin MonoManager ReloadAssembly
Native extension for WindowsStandalone target not found
Refreshing native plugins compatible for Editor in 1.26 ms, found 1 plugins.
Preloading 0 native plugins for Editor in 0.00 ms.
Invoked RoslynAnalysisRunner static constructor.
RoslynAnalysisRunner will not be running.
RoslynAnalysisRunner has terminated.
Mono: successfully reloaded assembly
- Completed reload, in  1.367 seconds
Platform modules already initialized, skipping
Refreshing native plugins compatible for Editor in 1.89 ms, found 1 plugins.
Preloading 0 native plugins for Editor in 0.00 ms.
Unloading 2477 Unused Serialized files (Serialized files now loaded: 0)
System memory in use before: 108.6 MB.
System memory in use after: 108.7 MB.

Unloading 38 unused Assets to reduce memory usage. Loaded Objects now: 2927.
Total: 3.418200 ms (FindLiveObjects: 0.410400 ms CreateObjectMapping: 0.153700 ms MarkObjects: 2.698600 ms  DeleteObjects: 0.153300 ms)

========================================================================
Received Prepare
Registering precompiled user dll's ...
Registered in 0.005751 seconds.
Begin MonoManager ReloadAssembly
Native extension for WindowsStandalone target not found
Refreshing native plugins compatible for Editor in 1.64 ms, found 1 plugins.
Preloading 0 native plugins for Editor in 0.00 ms.
Invoked RoslynAnalysisRunner static constructor.
RoslynAnalysisRunner will not be running.
RoslynAnalysisRunner has terminated.
Mono: successfully reloaded assembly
- Completed reload, in  1.603 seconds
Platform modules already initialized, skipping
Refreshing native plugins compatible for Editor in 1.07 ms, found 1 plugins.
Preloading 0 native plugins for Editor in 0.00 ms.
Unloading 2477 Unused Serialized files (Serialized files now loaded: 0)
System memory in use before: 108.6 MB.
System memory in use after: 108.7 MB.

Unloading 38 unused Assets to reduce memory usage. Loaded Objects now: 2932.
Total: 2.930700 ms (FindLiveObjects: 0.325000 ms CreateObjectMapping: 0.138400 ms MarkObjects: 2.284100 ms  DeleteObjects: 0.181900 ms)

========================================================================
Received Import Request.
  Time since last request: 131.905817 seconds.
  path: Assets/Scripts/Trampas
  artifactKey: Guid(fb26475f88de0a74e9ecadb28f36df53) Importer(815301076,1909f56bfc062723c751e8b465ee728b)
Start importing Assets/Scripts/Trampas using Guid(fb26475f88de0a74e9ecadb28f36df53) Importer(815301076,1909f56bfc062723c751e8b465ee728b)  -> (artifact id: 'ba945658b5589baa8f228d7fa472bf27') in 0.031741 seconds
  Import took 0.060425 seconds .

========================================================================
Received Prepare
Registering precompiled user dll's ...
Registered in 0.004117 seconds.
Begin MonoManager ReloadAssembly
Native extension for WindowsStandalone target not found
Refreshing native plugins compatible for Editor in 0.74 ms, found 1 plugins.
Preloading 0 native plugins for Editor in 0.00 ms.
Invoked RoslynAnalysisRunner static constructor.
RoslynAnalysisRunner will not be running.
RoslynAnalysisRunner has terminated.
Mono: successfully reloaded assembly
- Completed reload, in  1.195 seconds
Platform modules already initialized, skipping
Refreshing native plugins compatible for Editor in 0.68 ms, found 1 plugins.
Preloading 0 native plugins for Editor in 0.00 ms.
Unloading 2477 Unused Serialized files (Serialized files now loaded: 0)
System memory in use before: 108.5 MB.
System memory in use after: 108.6 MB.

Unloading 38 unused Assets to reduce memory usage. Loaded Objects now: 2937.
Total: 4.355700 ms (FindLiveObjects: 0.482700 ms CreateObjectMapping: 0.167500 ms MarkObjects: 3.556700 ms  DeleteObjects: 0.147200 ms)

========================================================================
Received Prepare
Registering precompiled user dll's ...
Registered in 0.004649 seconds.
Begin MonoManager ReloadAssembly
Native extension for WindowsStandalone target not found
Refreshing native plugins compatible for Editor in 0.74 ms, found 1 plugins.
Preloading 0 native plugins for Editor in 0.00 ms.
Invoked RoslynAnalysisRunner static constructor.
RoslynAnalysisRunner will not be running.
RoslynAnalysisRunner has terminated.
Mono: successfully reloaded assembly
- Completed reload, in  1.186 seconds
Platform modules already initialized, skipping
Refreshing native plugins compatible for Editor in 0.75 ms, found 1 plugins.
Preloading 0 native plugins for Editor in 0.00 ms.
Unloading 2477 Unused Serialized files (Serialized files now loaded: 0)
System memory in use before: 108.6 MB.
System memory in use after: 108.7 MB.

Unloading 38 unused Assets to reduce memory usage. Loaded Objects now: 2942.
Total: 4.879700 ms (FindLiveObjects: 0.627300 ms CreateObjectMapping: 0.410500 ms MarkObjects: 3.637200 ms  DeleteObjects: 0.201700 ms)

========================================================================
Received Prepare
Registering precompiled user dll's ...
Registered in 0.003665 seconds.
Begin MonoManager ReloadAssembly
Native extension for WindowsStandalone target not found
Refreshing native plugins compatible for Editor in 0.86 ms, found 1 plugins.
Preloading 0 native plugins for Editor in 0.00 ms.
Invoked RoslynAnalysisRunner static constructor.
RoslynAnalysisRunner will not be running.
RoslynAnalysisRunner has terminated.
Mono: successfully reloaded assembly
- Completed reload, in  1.231 seconds
Platform modules already initialized, skipping
Refreshing native plugins compatible for Editor in 0.70 ms, found 1 plugins.
Preloading 0 native plugins for Editor in 0.00 ms.
Unloading 2477 Unused Serialized files (Serialized files now loaded: 0)
System memory in use before: 108.6 MB.
System memory in use after: 108.7 MB.

Unloading 38 unused Assets to reduce memory usage. Loaded Objects now: 2947.
Total: 2.551000 ms (FindLiveObjects: 0.244600 ms CreateObjectMapping: 0.115900 ms MarkObjects: 2.077600 ms  DeleteObjects: 0.111700 ms)

========================================================================
Received Prepare
Registering precompiled user dll's ...
Registered in 0.004759 seconds.
Begin MonoManager ReloadAssembly
Native extension for WindowsStandalone target not found
Refreshing native plugins compatible for Editor in 0.80 ms, found 1 plugins.
Preloading 0 native plugins for Editor in 0.00 ms.
Invoked RoslynAnalysisRunner static constructor.
RoslynAnalysisRunner will not be running.
RoslynAnalysisRunner has terminated.
Mono: successfully reloaded assembly
- Completed reload, in  1.193 seconds
Platform modules already initialized, skipping
Refreshing native plugins compatible for Editor in 0.70 ms, found 1 plugins.
Preloading 0 native plugins for Editor in 0.00 ms.
Unloading 2477 Unused Serialized files (Serialized files now loaded: 0)
System memory in use before: 108.6 MB.
System memory in use after: 108.7 MB.

Unloading 38 unused Assets to reduce memory usage. Loaded Objects now: 2952.
Total: 3.797200 ms (FindLiveObjects: 0.505600 ms CreateObjectMapping: 0.154900 ms MarkObjects: 3.012300 ms  DeleteObjects: 0.118000 ms)

AssetImportWorkerClient::OnTransportError - code=2 error=End of file
